{"C:\\Webserver\\www\\tests\\dasa-test-spa\\src\\App.vue": {"path":"C:\\Webserver\\www\\tests\\dasa-test-spa\\src\\App.vue","statementMap":{"0":{"start":{"line":2,"column":0},"end":{"line":null,"column":-1}},"1":{"start":{"line":3,"column":0},"end":{"line":null,"column":-1}},"2":{"start":{"line":4,"column":0},"end":{"line":null,"column":-1}},"3":{"start":{"line":5,"column":0},"end":{"line":null,"column":-1}}},"fnMap":{},"branchMap":{},"s":{"0":0,"1":0,"2":0,"3":0},"f":{},"b":{}}
,"C:\\Webserver\\www\\tests\\dasa-test-spa\\src\\app\\domains\\users\\services\\user-service.js": {"path":"C:\\Webserver\\www\\tests\\dasa-test-spa\\src\\app\\domains\\users\\services\\user-service.js","statementMap":{},"fnMap":{},"branchMap":{},"s":{},"f":{},"b":{},"_coverageSchema":"332fd63041d2c1bcb487cc26dd0d5f7d97098a6c","hash":"62424e6c720c8026cefba5dfb1dd96c1ef8ae0ad"}
,"C:\\Webserver\\www\\tests\\dasa-test-spa\\src\\app\\domains\\users\\vuex-module\\index.js": {"path":"C:\\Webserver\\www\\tests\\dasa-test-spa\\src\\app\\domains\\users\\vuex-module\\index.js","statementMap":{"0":{"start":{"line":1,"column":20},"end":{"line":1,"column":0}},"1":{"start":{"line":2,"column":21},"end":{"line":2,"column":0}},"2":{"start":{"line":3,"column":27},"end":{"line":3,"column":0}},"3":{"start":{"line":5,"column":17},"end":{"line":5,"column":0}},"4":{"start":{"line":20,"column":31},"end":{"line":20,"column":77}},"5":{"start":{"line":21,"column":21},"end":{"line":21,"column":40}},"6":{"start":{"line":22,"column":22},"end":{"line":22,"column":42}},"7":{"start":{"line":26,"column":6},"end":{"line":null,"column":-1}},"8":{"start":{"line":29,"column":6},"end":{"line":null,"column":-1}},"9":{"start":{"line":32,"column":6},"end":{"line":null,"column":-1}},"10":{"start":{"line":33,"column":6},"end":{"line":null,"column":-1}},"11":{"start":{"line":37,"column":49},"end":{"line":37,"column":48}},"12":{"start":{"line":38,"column":6},"end":{"line":null,"column":-1}},"13":{"start":{"line":39,"column":6},"end":{"line":null,"column":-1}},"14":{"start":{"line":41,"column":43},"end":{"line":41,"column":42}},"15":{"start":{"line":42,"column":6},"end":{"line":null,"column":-1}},"16":{"start":{"line":43,"column":6},"end":{"line":null,"column":-1}}},"fnMap":{"0":{"name":"isAuthenticate","decl":{"start":{"line":20,"column":20},"end":{"line":20,"column":28}},"loc":{"start":{"line":20,"column":29},"end":{"line":19,"column":11}}},"1":{"name":"user","decl":{"start":{"line":21,"column":10},"end":{"line":21,"column":18}},"loc":{"start":{"line":21,"column":19},"end":{"line":19,"column":11}}},"2":{"name":"token","decl":{"start":{"line":22,"column":11},"end":{"line":22,"column":19}},"loc":{"start":{"line":22,"column":20},"end":{"line":19,"column":11}}},"3":{"name":"(anonymous_4)","decl":{"start":{"line":24,"column":2},"end":{"line":25,"column":18}},"loc":{"start":{"line":25,"column":35},"end":{"line":24,"column":2}}},"4":{"name":"(anonymous_5)","decl":{"start":{"line":24,"column":2},"end":{"line":28,"column":19}},"loc":{"start":{"line":28,"column":36},"end":{"line":24,"column":2}}},"5":{"name":"(anonymous_6)","decl":{"start":{"line":24,"column":2},"end":{"line":31,"column":25}},"loc":{"start":{"line":31,"column":42},"end":{"line":24,"column":2}}},"6":{"name":"attemptLogin","decl":{"start":{"line":36,"column":11},"end":{"line":37,"column":39}},"loc":{"start":{"line":37,"column":49},"end":{"line":36,"column":11}}},"7":{"name":"logout","decl":{"start":{"line":36,"column":11},"end":{"line":41,"column":33}},"loc":{"start":{"line":41,"column":43},"end":{"line":36,"column":11}}}},"branchMap":{},"s":{"0":0,"1":0,"2":0,"3":0,"4":0,"5":0,"6":0,"7":0,"8":0,"9":0,"10":0,"11":0,"12":0,"13":0,"14":0,"15":0,"16":0},"f":{"0":0,"1":0,"2":0,"3":0,"4":0,"5":0,"6":0,"7":0},"b":{}}
,"C:\\Webserver\\www\\tests\\dasa-test-spa\\src\\app\\pages\\routes.js": {"path":"C:\\Webserver\\www\\tests\\dasa-test-spa\\src\\app\\pages\\routes.js","statementMap":{"0":{"start":{"line":1,"column":0},"end":{"line":null,"column":-1}},"1":{"start":{"line":2,"column":0},"end":{"line":null,"column":-1}}},"fnMap":{},"branchMap":{},"s":{"0":0,"1":0},"f":{},"b":{}}
,"C:\\Webserver\\www\\tests\\dasa-test-spa\\src\\app\\pages\\auth\\routes.js": {"path":"C:\\Webserver\\www\\tests\\dasa-test-spa\\src\\app\\pages\\auth\\routes.js","statementMap":{"0":{"start":{"line":1,"column":15},"end":{"line":1,"column":0}},"1":{"start":{"line":4,"column":15},"end":{"line":2,"column":1}}},"fnMap":{"0":{"name":"component","decl":{"start":{"line":4,"column":15},"end":{"line":4,"column":27}},"loc":{"start":{"line":4,"column":15},"end":{"line":2,"column":2}}}},"branchMap":{},"s":{"0":0,"1":0},"f":{"0":0},"b":{}}
,"C:\\Webserver\\www\\tests\\dasa-test-spa\\src\\app\\pages\\auth\\components\\FormLogin.vue": {"path":"C:\\Webserver\\www\\tests\\dasa-test-spa\\src\\app\\pages\\auth\\components\\FormLogin.vue","statementMap":{"0":{"start":{"line":32,"column":0},"end":{"line":null,"column":-1}},"1":{"start":{"line":33,"column":0},"end":{"line":null,"column":-1}},"2":{"start":{"line":34,"column":0},"end":{"line":null,"column":-1}},"3":{"start":{"line":40,"column":0},"end":{"line":null,"column":-1}},"4":{"start":{"line":49,"column":0},"end":{"line":null,"column":-1}},"5":{"start":{"line":50,"column":0},"end":{"line":54,"column":0}},"6":{"start":{"line":52,"column":0},"end":{"line":null,"column":-1}},"7":{"start":{"line":54,"column":0},"end":{"line":null,"column":-1}}},"fnMap":{"0":{"name":"data","decl":{"start":{"line":39,"column":0},"end":{"line":null,"column":-1}},"loc":{"start":{"line":39,"column":0},"end":{"line":46,"column":0}}},"1":{"name":"onAuthenticate","decl":{"start":{"line":49,"column":0},"end":{"line":null,"column":-1}},"loc":{"start":{"line":49,"column":0},"end":{"line":55,"column":0}}},"2":{"name":"(anonymous_4)","decl":{"start":{"line":50,"column":0},"end":{"line":null,"column":-1}},"loc":{"start":{"line":50,"column":0},"end":{"line":53,"column":0}}},"3":{"name":"(anonymous_5)","decl":{"start":{"line":53,"column":0},"end":{"line":null,"column":-1}},"loc":{"start":{"line":53,"column":0},"end":{"line":54,"column":0}}}},"branchMap":{},"s":{"0":0,"1":0,"2":0,"3":0,"4":0,"5":0,"6":0,"7":0},"f":{"0":0,"1":0,"2":0,"3":0},"b":{}}
,"C:\\Webserver\\www\\tests\\dasa-test-spa\\src\\app\\pages\\auth\\components\\LayoutBase.vue": {"path":"C:\\Webserver\\www\\tests\\dasa-test-spa\\src\\app\\pages\\auth\\components\\LayoutBase.vue","statementMap":{"0":{"start":{"line":21,"column":0},"end":{"line":null,"column":-1}},"1":{"start":{"line":30,"column":0},"end":{"line":null,"column":-1}}},"fnMap":{"0":{"name":"_default","decl":{"start":{"line":30,"column":0},"end":{"line":null,"column":-1}},"loc":{"start":{"line":30,"column":0},"end":{"line":null,"column":-1}}}},"branchMap":{},"s":{"0":3,"1":2},"f":{"0":2},"b":{}}
,"C:\\Webserver\\www\\tests\\dasa-test-spa\\src\\app\\pages\\auth\\views\\AuthIndex.vue": {"path":"C:\\Webserver\\www\\tests\\dasa-test-spa\\src\\app\\pages\\auth\\views\\AuthIndex.vue","statementMap":{"0":{"start":{"line":2,"column":0},"end":{"line":null,"column":-1}},"1":{"start":{"line":3,"column":0},"end":{"line":null,"column":-1}},"2":{"start":{"line":8,"column":0},"end":{"line":null,"column":-1}}},"fnMap":{"0":{"name":"data","decl":{"start":{"line":8,"column":0},"end":{"line":null,"column":-1}},"loc":{"start":{"line":8,"column":0},"end":{"line":null,"column":-1}}}},"branchMap":{},"s":{"0":0,"1":0,"2":0},"f":{"0":0},"b":{}}
,"C:\\Webserver\\www\\tests\\dasa-test-spa\\src\\app\\pages\\dashboard\\routes.js": {"path":"C:\\Webserver\\www\\tests\\dasa-test-spa\\src\\app\\pages\\dashboard\\routes.js","statementMap":{"0":{"start":{"line":1,"column":15},"end":{"line":1,"column":0}},"1":{"start":{"line":4,"column":15},"end":{"line":2,"column":1}}},"fnMap":{"0":{"name":"component","decl":{"start":{"line":4,"column":15},"end":{"line":4,"column":27}},"loc":{"start":{"line":4,"column":15},"end":{"line":2,"column":2}}}},"branchMap":{},"s":{"0":0,"1":0},"f":{"0":0},"b":{}}
,"C:\\Webserver\\www\\tests\\dasa-test-spa\\src\\app\\pages\\dashboard\\components\\UserTable.vue": {"path":"C:\\Webserver\\www\\tests\\dasa-test-spa\\src\\app\\pages\\dashboard\\components\\UserTable.vue","statementMap":{"0":{"start":{"line":2,"column":0},"end":{"line":null,"column":-1}},"1":{"start":{"line":3,"column":0},"end":{"line":null,"column":-1}},"2":{"start":{"line":4,"column":0},"end":{"line":null,"column":-1}},"3":{"start":{"line":5,"column":0},"end":{"line":null,"column":-1}},"4":{"start":{"line":6,"column":0},"end":{"line":null,"column":-1}},"5":{"start":{"line":11,"column":0},"end":{"line":null,"column":-1}},"6":{"start":{"line":25,"column":0},"end":{"line":null,"column":-1}},"7":{"start":{"line":29,"column":0},"end":{"line":null,"column":-1}},"8":{"start":{"line":31,"column":0},"end":{"line":null,"column":-1}},"9":{"start":{"line":32,"column":0},"end":{"line":null,"column":-1}},"10":{"start":{"line":33,"column":0},"end":{"line":35,"column":0}},"11":{"start":{"line":34,"column":0},"end":{"line":null,"column":-1}},"12":{"start":{"line":37,"column":0},"end":{"line":null,"column":-1}},"13":{"start":{"line":41,"column":0},"end":{"line":null,"column":-1}}},"fnMap":{"0":{"name":"data","decl":{"start":{"line":11,"column":0},"end":{"line":null,"column":-1}},"loc":{"start":{"line":11,"column":0},"end":{"line":null,"column":-1}}},"1":{"name":"mounted","decl":{"start":{"line":25,"column":0},"end":{"line":null,"column":-1}},"loc":{"start":{"line":25,"column":0},"end":{"line":27,"column":0}}},"2":{"name":"fetchUsers","decl":{"start":{"line":29,"column":0},"end":{"line":null,"column":-1}},"loc":{"start":{"line":29,"column":0},"end":{"line":39,"column":0}}},"3":{"name":"onListenRenderTable","decl":{"start":{"line":40,"column":0},"end":{"line":null,"column":-1}},"loc":{"start":{"line":40,"column":0},"end":{"line":42,"column":0}}}},"branchMap":{"0":{"loc":{"start":{"line":25,"column":0},"end":{"line":null,"column":-1}},"type":"switch","locations":[{"start":{"line":25,"column":0},"end":{"line":null,"column":-1}},{"start":{"line":25,"column":0},"end":{"line":null,"column":-1}},{"start":{"line":25,"column":0},"end":{"line":null,"column":-1}}]},"1":{"loc":{"start":{"line":29,"column":0},"end":{"line":null,"column":-1}},"type":"switch","locations":[{"start":{"line":29,"column":0},"end":{"line":null,"column":-1}},{"start":{"line":29,"column":0},"end":{"line":null,"column":-1}},{"start":{"line":29,"column":0},"end":{"line":37,"column":0}},{"start":{"line":29,"column":0},"end":{"line":null,"column":-1}},{"start":{"line":29,"column":0},"end":{"line":null,"column":-1}}]},"2":{"loc":{"start":{"line":33,"column":0},"end":{"line":35,"column":0}},"type":"if","locations":[{"start":{"line":33,"column":0},"end":{"line":35,"column":0}},{"start":{"line":33,"column":0},"end":{"line":35,"column":0}}]}},"s":{"0":2,"1":2,"2":2,"3":2,"4":2,"5":5,"6":50,"7":70,"8":5,"9":5,"10":5,"11":0,"12":0,"13":0},"f":{"0":5,"1":20,"2":20,"3":0},"b":{"0":[5,5,5],"1":[5,5,0,5,5],"2":[0,5]}}
,"C:\\Webserver\\www\\tests\\dasa-test-spa\\src\\app\\pages\\dashboard\\views\\DashboardIndex.vue": {"path":"C:\\Webserver\\www\\tests\\dasa-test-spa\\src\\app\\pages\\dashboard\\views\\DashboardIndex.vue","statementMap":{"0":{"start":{"line":2,"column":0},"end":{"line":null,"column":-1}},"1":{"start":{"line":7,"column":0},"end":{"line":null,"column":-1}}},"fnMap":{"0":{"name":"data","decl":{"start":{"line":7,"column":0},"end":{"line":null,"column":-1}},"loc":{"start":{"line":7,"column":0},"end":{"line":null,"column":-1}}}},"branchMap":{},"s":{"0":1,"1":2},"f":{"0":2},"b":{}}
,"C:\\Webserver\\www\\tests\\dasa-test-spa\\src\\app\\supports\\http\\config.js": {"path":"C:\\Webserver\\www\\tests\\dasa-test-spa\\src\\app\\supports\\http\\config.js","statementMap":{"0":{"start":{"line":3,"column":18},"end":{"line":5,"column":2}},"1":{"start":{"line":8,"column":0},"end":{"line":12,"column":2}},"2":{"start":{"line":9,"column":2},"end":{"line":9,"column":15}},"3":{"start":{"line":11,"column":2},"end":{"line":11,"column":30}},"4":{"start":{"line":15,"column":0},"end":{"line":19,"column":2}},"5":{"start":{"line":16,"column":2},"end":{"line":16,"column":17}},"6":{"start":{"line":18,"column":2},"end":{"line":18,"column":30}}},"fnMap":{"0":{"name":"(anonymous_0)","decl":{"start":{"line":8,"column":35},"end":{"line":8,"column":36}},"loc":{"start":{"line":8,"column":47},"end":{"line":10,"column":1}},"line":8},"1":{"name":"(anonymous_1)","decl":{"start":{"line":10,"column":3},"end":{"line":10,"column":4}},"loc":{"start":{"line":10,"column":14},"end":{"line":12,"column":1}},"line":10},"2":{"name":"(anonymous_2)","decl":{"start":{"line":15,"column":36},"end":{"line":15,"column":37}},"loc":{"start":{"line":15,"column":50},"end":{"line":17,"column":1}},"line":15},"3":{"name":"(anonymous_3)","decl":{"start":{"line":17,"column":3},"end":{"line":17,"column":4}},"loc":{"start":{"line":17,"column":14},"end":{"line":19,"column":1}},"line":17}},"branchMap":{},"s":{"0":3,"1":3,"2":0,"3":0,"4":3,"5":0,"6":0},"f":{"0":0,"1":0,"2":0,"3":0},"b":{},"_coverageSchema":"332fd63041d2c1bcb487cc26dd0d5f7d97098a6c","hash":"38e2c8c809f0aed1bf4dd514c90099c9ca3e20de"}
,"C:\\Webserver\\www\\tests\\dasa-test-spa\\src\\app\\supports\\services\\http-services.js": {"path":"C:\\Webserver\\www\\tests\\dasa-test-spa\\src\\app\\supports\\services\\http-services.js","statementMap":{"0":{"start":{"line":3,"column":21},"end":{"line":46,"column":1}},"1":{"start":{"line":9,"column":4},"end":{"line":10,"column":33}},"2":{"start":{"line":10,"column":24},"end":{"line":10,"column":32}},"3":{"start":{"line":20,"column":4},"end":{"line":21,"column":33}},"4":{"start":{"line":21,"column":24},"end":{"line":21,"column":32}},"5":{"start":{"line":31,"column":4},"end":{"line":32,"column":33}},"6":{"start":{"line":32,"column":24},"end":{"line":32,"column":32}},"7":{"start":{"line":42,"column":4},"end":{"line":43,"column":33}},"8":{"start":{"line":43,"column":24},"end":{"line":43,"column":32}}},"fnMap":{"0":{"name":"(anonymous_0)","decl":{"start":{"line":8,"column":7},"end":{"line":8,"column":8}},"loc":{"start":{"line":8,"column":33},"end":{"line":11,"column":3}},"line":8},"1":{"name":"(anonymous_1)","decl":{"start":{"line":10,"column":12},"end":{"line":10,"column":13}},"loc":{"start":{"line":10,"column":24},"end":{"line":10,"column":32}},"line":10},"2":{"name":"(anonymous_2)","decl":{"start":{"line":19,"column":8},"end":{"line":19,"column":9}},"loc":{"start":{"line":19,"column":36},"end":{"line":22,"column":3}},"line":19},"3":{"name":"(anonymous_3)","decl":{"start":{"line":21,"column":12},"end":{"line":21,"column":13}},"loc":{"start":{"line":21,"column":24},"end":{"line":21,"column":32}},"line":21},"4":{"name":"(anonymous_4)","decl":{"start":{"line":30,"column":7},"end":{"line":30,"column":8}},"loc":{"start":{"line":30,"column":26},"end":{"line":33,"column":3}},"line":30},"5":{"name":"(anonymous_5)","decl":{"start":{"line":32,"column":12},"end":{"line":32,"column":13}},"loc":{"start":{"line":32,"column":24},"end":{"line":32,"column":32}},"line":32},"6":{"name":"(anonymous_6)","decl":{"start":{"line":41,"column":10},"end":{"line":41,"column":11}},"loc":{"start":{"line":41,"column":29},"end":{"line":44,"column":3}},"line":41},"7":{"name":"(anonymous_7)","decl":{"start":{"line":43,"column":12},"end":{"line":43,"column":13}},"loc":{"start":{"line":43,"column":24},"end":{"line":43,"column":32}},"line":43}},"branchMap":{"0":{"loc":{"start":{"line":8,"column":17},"end":{"line":8,"column":28}},"type":"default-arg","locations":[{"start":{"line":8,"column":26},"end":{"line":8,"column":28}}],"line":8}},"s":{"0":3,"1":6,"2":6,"3":0,"4":0,"5":0,"6":0,"7":0,"8":0},"f":{"0":6,"1":6,"2":0,"3":0,"4":0,"5":0,"6":0,"7":0},"b":{"0":[0]},"_coverageSchema":"332fd63041d2c1bcb487cc26dd0d5f7d97098a6c","hash":"4baf02a240d443cd0753bbe20079ff95a538e004"}
,"C:\\Webserver\\www\\tests\\dasa-test-spa\\src\\app\\supports\\services\\rest-services.js": {"path":"C:\\Webserver\\www\\tests\\dasa-test-spa\\src\\app\\supports\\services\\rest-services.js","statementMap":{"0":{"start":{"line":12,"column":4},"end":{"line":12,"column":56}},"1":{"start":{"line":20,"column":4},"end":{"line":20,"column":79}},"2":{"start":{"line":28,"column":4},"end":{"line":28,"column":71}},"3":{"start":{"line":36,"column":4},"end":{"line":36,"column":74}},"4":{"start":{"line":44,"column":4},"end":{"line":46,"column":5}},"5":{"start":{"line":45,"column":6},"end":{"line":45,"column":33}},"6":{"start":{"line":47,"column":4},"end":{"line":47,"column":25}},"7":{"start":{"line":55,"column":4},"end":{"line":55,"column":55}}},"fnMap":{"0":{"name":"(anonymous_0)","decl":{"start":{"line":11,"column":2},"end":{"line":11,"column":3}},"loc":{"start":{"line":11,"column":18},"end":{"line":13,"column":3}},"line":11},"1":{"name":"(anonymous_1)","decl":{"start":{"line":19,"column":2},"end":{"line":19,"column":3}},"loc":{"start":{"line":19,"column":18},"end":{"line":21,"column":3}},"line":19},"2":{"name":"(anonymous_2)","decl":{"start":{"line":27,"column":2},"end":{"line":27,"column":3}},"loc":{"start":{"line":27,"column":16},"end":{"line":29,"column":3}},"line":27},"3":{"name":"(anonymous_3)","decl":{"start":{"line":35,"column":2},"end":{"line":35,"column":3}},"loc":{"start":{"line":35,"column":19},"end":{"line":37,"column":3}},"line":35},"4":{"name":"(anonymous_4)","decl":{"start":{"line":43,"column":2},"end":{"line":43,"column":3}},"loc":{"start":{"line":43,"column":19},"end":{"line":48,"column":3}},"line":43},"5":{"name":"(anonymous_5)","decl":{"start":{"line":54,"column":2},"end":{"line":54,"column":3}},"loc":{"start":{"line":54,"column":23},"end":{"line":56,"column":3}},"line":54}},"branchMap":{"0":{"loc":{"start":{"line":44,"column":4},"end":{"line":46,"column":5}},"type":"if","locations":[{"start":{"line":44,"column":4},"end":{"line":46,"column":5}},{"start":{"line":44,"column":4},"end":{"line":46,"column":5}}],"line":44},"1":{"loc":{"start":{"line":54,"column":10},"end":{"line":54,"column":21}},"type":"default-arg","locations":[{"start":{"line":54,"column":19},"end":{"line":54,"column":21}}],"line":54}},"s":{"0":0,"1":0,"2":0,"3":0,"4":0,"5":0,"6":0,"7":6},"f":{"0":0,"1":0,"2":0,"3":0,"4":0,"5":6},"b":{"0":[0,0],"1":[6]},"_coverageSchema":"332fd63041d2c1bcb487cc26dd0d5f7d97098a6c","hash":"2dcbae6326954fd2424487b2450d7e26e1e61346"}
,"C:\\Webserver\\www\\tests\\dasa-test-spa\\src\\app\\supports\\utils\\collection.js": {"path":"C:\\Webserver\\www\\tests\\dasa-test-spa\\src\\app\\supports\\utils\\collection.js","statementMap":{"0":{"start":{"line":1,"column":0},"end":{"line":null,"column":-1}}},"fnMap":{},"branchMap":{},"s":{"0":0},"f":{},"b":{}}
,"C:\\Webserver\\www\\tests\\dasa-test-spa\\src\\app\\supports\\utils\\context.js": {"path":"C:\\Webserver\\www\\tests\\dasa-test-spa\\src\\app\\supports\\utils\\context.js","statementMap":{"0":{"start":{"line":5,"column":29},"end":{"line":13,"column":1}}},"fnMap":{},"branchMap":{},"s":{"0":2},"f":{},"b":{},"_coverageSchema":"332fd63041d2c1bcb487cc26dd0d5f7d97098a6c","hash":"d229ccf00d4bfc5fc5a677c00e48f7aec92de693"}
,"C:\\Webserver\\www\\tests\\dasa-test-spa\\src\\components\\form\\AppInput.vue": {"path":"C:\\Webserver\\www\\tests\\dasa-test-spa\\src\\components\\form\\AppInput.vue","statementMap":{"0":{"start":{"line":26,"column":0},"end":{"line":null,"column":-1}},"1":{"start":{"line":28,"column":0},"end":{"line":29,"column":0}},"2":{"start":{"line":32,"column":0},"end":{"line":null,"column":-1}}},"fnMap":{"0":{"name":"inputListeners","decl":{"start":{"line":25,"column":0},"end":{"line":null,"column":-1}},"loc":{"start":{"line":25,"column":0},"end":{"line":36,"column":0}}},"1":{"name":"input","decl":{"start":{"line":31,"column":0},"end":{"line":null,"column":-1}},"loc":{"start":{"line":31,"column":0},"end":{"line":33,"column":0}}}},"branchMap":{},"s":{"0":7,"1":7,"2":0},"f":{"0":7,"1":0},"b":{}}
,"C:\\Webserver\\www\\tests\\dasa-test-spa\\src\\components\\layouts\\LayoutAuth.vue": {"path":"C:\\Webserver\\www\\tests\\dasa-test-spa\\src\\components\\layouts\\LayoutAuth.vue","statementMap":{"0":{"start":{"line":2,"column":0},"end":{"line":null,"column":-1}}},"fnMap":{},"branchMap":{},"s":{"0":2},"f":{},"b":{}}
,"C:\\Webserver\\www\\tests\\dasa-test-spa\\src\\components\\layouts\\LayoutExternal.vue": {"path":"C:\\Webserver\\www\\tests\\dasa-test-spa\\src\\components\\layouts\\LayoutExternal.vue","statementMap":{"0":{"start":{"line":2,"column":0},"end":{"line":null,"column":-1}},"1":{"start":{"line":6,"column":0},"end":{"line":null,"column":-1}}},"fnMap":{"0":{"name":"data","decl":{"start":{"line":6,"column":0},"end":{"line":null,"column":-1}},"loc":{"start":{"line":6,"column":0},"end":{"line":null,"column":-1}}}},"branchMap":{},"s":{"0":2,"1":1},"f":{"0":1},"b":{}}
,"C:\\Webserver\\www\\tests\\dasa-test-spa\\src\\components\\layouts\\Menu.vue": {"path":"C:\\Webserver\\www\\tests\\dasa-test-spa\\src\\components\\layouts\\Menu.vue","statementMap":{"0":{"start":{"line":2,"column":0},"end":{"line":null,"column":-1}},"1":{"start":{"line":3,"column":0},"end":{"line":null,"column":-1}},"2":{"start":{"line":18,"column":0},"end":{"line":null,"column":-1}},"3":{"start":{"line":19,"column":0},"end":{"line":null,"column":-1}},"4":{"start":{"line":20,"column":0},"end":{"line":22,"column":0}},"5":{"start":{"line":21,"column":0},"end":{"line":null,"column":-1}}},"fnMap":{"0":{"name":"onLogout","decl":{"start":{"line":17,"column":0},"end":{"line":null,"column":-1}},"loc":{"start":{"line":17,"column":0},"end":{"line":23,"column":0}}},"1":{"name":"(anonymous_3)","decl":{"start":{"line":20,"column":0},"end":{"line":null,"column":-1}},"loc":{"start":{"line":20,"column":0},"end":{"line":22,"column":0}}}},"branchMap":{},"s":{"0":4,"1":4,"2":0,"3":0,"4":0,"5":0},"f":{"0":0,"1":0},"b":{}}
,"C:\\Webserver\\www\\tests\\dasa-test-spa\\src\\components\\layouts\\Sidebar.vue": {"path":"C:\\Webserver\\www\\tests\\dasa-test-spa\\src\\components\\layouts\\Sidebar.vue","statementMap":{"0":{"start":{"line":2,"column":0},"end":{"line":null,"column":-1}}},"fnMap":{},"branchMap":{},"s":{"0":3},"f":{},"b":{}}
,"C:\\Webserver\\www\\tests\\dasa-test-spa\\src\\components\\table\\AppTable.vue": {"path":"C:\\Webserver\\www\\tests\\dasa-test-spa\\src\\components\\table\\AppTable.vue","statementMap":{"0":{"start":{"line":4,"column":0},"end":{"line":null,"column":-1}},"1":{"start":{"line":14,"column":0},"end":{"line":null,"column":-1}},"2":{"start":{"line":19,"column":0},"end":{"line":null,"column":-1}},"3":{"start":{"line":28,"column":0},"end":{"line":null,"column":-1}},"4":{"start":{"line":31,"column":0},"end":{"line":null,"column":-1}},"5":{"start":{"line":32,"column":0},"end":{"line":null,"column":-1}},"6":{"start":{"line":33,"column":0},"end":{"line":43,"column":0}},"7":{"start":{"line":34,"column":0},"end":{"line":42,"column":0}},"8":{"start":{"line":35,"column":0},"end":{"line":41,"column":0}},"9":{"start":{"line":36,"column":0},"end":{"line":null,"column":-1}},"10":{"start":{"line":44,"column":0},"end":{"line":null,"column":-1}},"11":{"start":{"line":46,"column":0},"end":{"line":null,"column":-1}},"12":{"start":{"line":48,"column":0},"end":{"line":null,"column":-1}},"13":{"start":{"line":49,"column":0},"end":{"line":null,"column":-1}},"14":{"start":{"line":51,"column":0},"end":{"line":53,"column":0}},"15":{"start":{"line":52,"column":0},"end":{"line":null,"column":-1}},"16":{"start":{"line":55,"column":0},"end":{"line":null,"column":-1}},"17":{"start":{"line":61,"column":0},"end":{"line":null,"column":-1}},"18":{"start":{"line":66,"column":0},"end":{"line":null,"column":-1}}},"fnMap":{"0":{"name":"data","decl":{"start":{"line":4,"column":0},"end":{"line":null,"column":-1}},"loc":{"start":{"line":4,"column":0},"end":{"line":null,"column":-1}}},"1":{"name":"_default","decl":{"start":{"line":14,"column":0},"end":{"line":null,"column":-1}},"loc":{"start":{"line":14,"column":0},"end":{"line":null,"column":-1}}},"2":{"name":"_default","decl":{"start":{"line":19,"column":0},"end":{"line":null,"column":-1}},"loc":{"start":{"line":19,"column":0},"end":{"line":null,"column":-1}}},"3":{"name":"pageNumber","decl":{"start":{"line":27,"column":0},"end":{"line":null,"column":-1}},"loc":{"start":{"line":27,"column":0},"end":{"line":29,"column":0}}},"4":{"name":"filtered","decl":{"start":{"line":30,"column":0},"end":{"line":null,"column":-1}},"loc":{"start":{"line":30,"column":0},"end":{"line":45,"column":0}}},"5":{"name":"(anonymous_7)","decl":{"start":{"line":34,"column":0},"end":{"line":null,"column":-1}},"loc":{"start":{"line":34,"column":0},"end":{"line":42,"column":0}}},"6":{"name":"(anonymous_8)","decl":{"start":{"line":35,"column":0},"end":{"line":null,"column":-1}},"loc":{"start":{"line":35,"column":0},"end":{"line":41,"column":0}}},"7":{"name":"paginatedData","decl":{"start":{"line":46,"column":0},"end":{"line":null,"column":-1}},"loc":{"start":{"line":46,"column":0},"end":{"line":56,"column":0}}},"8":{"name":"paginatedData","decl":{"start":{"line":60,"column":0},"end":{"line":null,"column":-1}},"loc":{"start":{"line":60,"column":0},"end":{"line":62,"column":0}}},"9":{"name":"goToPage","decl":{"start":{"line":65,"column":0},"end":{"line":null,"column":-1}},"loc":{"start":{"line":65,"column":0},"end":{"line":67,"column":0}}}},"branchMap":{"0":{"loc":{"start":{"line":31,"column":0},"end":{"line":null,"column":-1}},"type":"binary-expr","locations":[{"start":{"line":31,"column":0},"end":{"line":null,"column":-1}},{"start":{"line":31,"column":0},"end":{"line":null,"column":-1}}]},"1":{"loc":{"start":{"line":33,"column":0},"end":{"line":43,"column":0}},"type":"if","locations":[{"start":{"line":33,"column":0},"end":{"line":43,"column":0}},{"start":{"line":33,"column":0},"end":{"line":43,"column":0}}]},"2":{"loc":{"start":{"line":51,"column":0},"end":{"line":53,"column":0}},"type":"if","locations":[{"start":{"line":51,"column":0},"end":{"line":53,"column":0}},{"start":{"line":51,"column":0},"end":{"line":53,"column":0}}]}},"s":{"0":6,"1":0,"2":6,"3":1,"4":6,"5":6,"6":6,"7":0,"8":0,"9":0,"10":6,"11":18,"12":6,"13":6,"14":6,"15":6,"16":0,"17":0,"18":0},"f":{"0":6,"1":0,"2":6,"3":1,"4":6,"5":0,"6":0,"7":6,"8":0,"9":0},"b":{"0":[6,0],"1":[0,6],"2":[6,0]}}
,"C:\\Webserver\\www\\tests\\dasa-test-spa\\src\\router\\before-each.js": {"path":"C:\\Webserver\\www\\tests\\dasa-test-spa\\src\\router\\before-each.js","statementMap":{"0":{"start":{"line":1,"column":0},"end":{"line":null,"column":-1}},"1":{"start":{"line":2,"column":17},"end":{"line":2,"column":0}},"2":{"start":{"line":2,"column":17},"end":{"line":2,"column":-1}},"3":{"start":{"line":11,"column":23},"end":{"line":11,"column":2}},"4":{"start":{"line":11,"column":39},"end":{"line":11,"column":22}},"5":{"start":{"line":13,"column":2},"end":{"line":16,"column":7}},"6":{"start":{"line":14,"column":4},"end":{"line":null,"column":-1}},"7":{"start":{"line":15,"column":9},"end":{"line":16,"column":7}},"8":{"start":{"line":15,"column":42},"end":{"line":15,"column":9}},"9":{"start":{"line":16,"column":7},"end":{"line":null,"column":-1}}},"fnMap":{"0":{"name":"isLogged","decl":{"start":{"line":2,"column":6},"end":{"line":2,"column":17}},"loc":{"start":{"line":2,"column":17},"end":{"line":2,"column":0}}},"1":{"name":"(anonymous_3)","decl":{"start":{"line":11,"column":39},"end":{"line":11,"column":48}},"loc":{"start":{"line":11,"column":39},"end":{"line":11,"column":23}}}},"branchMap":{"0":{"loc":{"start":{"line":13,"column":2},"end":{"line":16,"column":7}},"type":"if","locations":[{"start":{"line":13,"column":2},"end":{"line":16,"column":7}},{"start":{"line":13,"column":2},"end":{"line":16,"column":7}}]},"1":{"loc":{"start":{"line":13,"column":6},"end":{"line":13,"column":21}},"type":"binary-expr","locations":[{"start":{"line":13,"column":6},"end":{"line":13,"column":21}},{"start":{"line":13,"column":22},"end":{"line":13,"column":2}}]},"2":{"loc":{"start":{"line":15,"column":9},"end":{"line":16,"column":7}},"type":"if","locations":[{"start":{"line":15,"column":9},"end":{"line":16,"column":7}},{"start":{"line":15,"column":9},"end":{"line":16,"column":7}}]},"3":{"loc":{"start":{"line":15,"column":13},"end":{"line":15,"column":12}},"type":"binary-expr","locations":[{"start":{"line":15,"column":13},"end":{"line":15,"column":12}},{"start":{"line":15,"column":30},"end":{"line":15,"column":9}}]}},"s":{"0":0,"1":0,"2":0,"3":0,"4":0,"5":0,"6":0,"7":0,"8":0,"9":0},"f":{"0":0,"1":0},"b":{"0":[0,0],"1":[0,0],"2":[0,0],"3":[0,0]}}
,"C:\\Webserver\\www\\tests\\dasa-test-spa\\src\\router\\routes.js": {"path":"C:\\Webserver\\www\\tests\\dasa-test-spa\\src\\router\\routes.js","statementMap":{"0":{"start":{"line":2,"column":0},"end":{"line":null,"column":-1}}},"fnMap":{},"branchMap":{},"s":{"0":0},"f":{},"b":{}}
,"C:\\Webserver\\www\\tests\\dasa-test-spa\\src\\store\\index.js": {"path":"C:\\Webserver\\www\\tests\\dasa-test-spa\\src\\store\\index.js","statementMap":{"0":{"start":{"line":1,"column":0},"end":{"line":null,"column":-1}},"1":{"start":{"line":2,"column":0},"end":{"line":null,"column":-1}},"2":{"start":{"line":5,"column":0},"end":{"line":null,"column":-1}}},"fnMap":{},"branchMap":{},"s":{"0":0,"1":0,"2":0},"f":{},"b":{}}
}
