TN:
SF:C:\Webserver\www\tests\dasa-test-spa\src\App.vue
FNF:0
FNH:0
DA:2,0
DA:3,0
DA:4,0
DA:5,0
LF:4
LH:0
BRF:0
BRH:0
end_of_record
TN:
SF:C:\Webserver\www\tests\dasa-test-spa\src\app\domains\users\services\user-service.js
FNF:0
FNH:0
LF:0
LH:0
BRF:0
BRH:0
end_of_record
TN:
SF:C:\Webserver\www\tests\dasa-test-spa\src\app\domains\users\vuex-module\index.js
FN:20,isAuthenticate
FN:21,user
FN:22,token
FN:24,(anonymous_4)
FN:24,(anonymous_5)
FN:24,(anonymous_6)
FN:36,attemptLogin
FN:36,logout
FNF:8
FNH:0
FNDA:0,isAuthenticate
FNDA:0,user
FNDA:0,token
FNDA:0,(anonymous_4)
FNDA:0,(anonymous_5)
FNDA:0,(anonymous_6)
FNDA:0,attemptLogin
FNDA:0,logout
DA:1,0
DA:2,0
DA:3,0
DA:5,0
DA:20,0
DA:21,0
DA:22,0
DA:26,0
DA:29,0
DA:32,0
DA:33,0
DA:37,0
DA:38,0
DA:39,0
DA:41,0
DA:42,0
DA:43,0
LF:17
LH:0
BRF:0
BRH:0
end_of_record
TN:
SF:C:\Webserver\www\tests\dasa-test-spa\src\app\pages\routes.js
FNF:0
FNH:0
DA:1,0
DA:2,0
LF:2
LH:0
BRF:0
BRH:0
end_of_record
TN:
SF:C:\Webserver\www\tests\dasa-test-spa\src\app\pages\auth\routes.js
FN:4,component
FNF:1
FNH:0
FNDA:0,component
DA:1,0
DA:4,0
LF:2
LH:0
BRF:0
BRH:0
end_of_record
TN:
SF:C:\Webserver\www\tests\dasa-test-spa\src\app\pages\auth\components\FormLogin.vue
FN:39,data
FN:49,onAuthenticate
FN:50,(anonymous_4)
FN:53,(anonymous_5)
FNF:4
FNH:0
FNDA:0,data
FNDA:0,onAuthenticate
FNDA:0,(anonymous_4)
FNDA:0,(anonymous_5)
DA:32,0
DA:33,0
DA:34,0
DA:40,0
DA:49,0
DA:50,0
DA:52,0
DA:54,0
LF:8
LH:0
BRF:0
BRH:0
end_of_record
TN:
SF:C:\Webserver\www\tests\dasa-test-spa\src\app\pages\auth\components\LayoutBase.vue
FN:30,_default
FNF:1
FNH:1
FNDA:2,_default
DA:21,3
DA:30,2
LF:2
LH:2
BRF:0
BRH:0
end_of_record
TN:
SF:C:\Webserver\www\tests\dasa-test-spa\src\app\pages\auth\views\AuthIndex.vue
FN:8,data
FNF:1
FNH:0
FNDA:0,data
DA:2,0
DA:3,0
DA:8,0
LF:3
LH:0
BRF:0
BRH:0
end_of_record
TN:
SF:C:\Webserver\www\tests\dasa-test-spa\src\app\pages\dashboard\routes.js
FN:4,component
FNF:1
FNH:0
FNDA:0,component
DA:1,0
DA:4,0
LF:2
LH:0
BRF:0
BRH:0
end_of_record
TN:
SF:C:\Webserver\www\tests\dasa-test-spa\src\app\pages\dashboard\components\UserTable.vue
FN:11,data
FN:25,mounted
FN:29,fetchUsers
FN:40,onListenRenderTable
FNF:4
FNH:3
FNDA:3,data
FNDA:9,mounted
FNDA:9,fetchUsers
FNDA:0,onListenRenderTable
DA:2,2
DA:3,2
DA:4,2
DA:5,2
DA:6,2
DA:11,3
DA:25,21
DA:29,24
DA:31,0
DA:32,0
DA:33,0
DA:34,0
DA:37,0
DA:41,0
LF:14
LH:8
BRDA:25,0,0,3
BRDA:25,0,1,0
BRDA:25,0,2,0
BRDA:29,1,0,3
BRDA:29,1,1,0
BRDA:29,1,2,0
BRDA:29,1,3,0
BRDA:29,1,4,0
BRDA:33,2,0,0
BRDA:33,2,1,0
BRF:10
BRH:2
end_of_record
TN:
SF:C:\Webserver\www\tests\dasa-test-spa\src\app\pages\dashboard\views\DashboardIndex.vue
FN:7,data
FNF:1
FNH:1
FNDA:2,data
DA:2,1
DA:7,2
LF:2
LH:2
BRF:0
BRH:0
end_of_record
TN:
SF:C:\Webserver\www\tests\dasa-test-spa\src\app\supports\http\config.js
FN:9,(anonymous_0)
FN:11,(anonymous_1)
FN:16,(anonymous_2)
FN:18,(anonymous_3)
FNF:4
FNH:1
FNDA:3,(anonymous_0)
FNDA:0,(anonymous_1)
FNDA:0,(anonymous_2)
FNDA:0,(anonymous_3)
DA:4,2
DA:9,2
DA:10,3
DA:12,0
DA:16,2
DA:17,0
DA:19,0
DA:23,0
LF:8
LH:4
BRDA:19,0,0,0
BRDA:19,0,1,0
BRF:2
BRH:0
end_of_record
TN:
SF:C:\Webserver\www\tests\dasa-test-spa\src\app\supports\services\http-services.js
FN:8,(anonymous_0)
FN:10,(anonymous_1)
FN:19,(anonymous_2)
FN:21,(anonymous_3)
FN:30,(anonymous_4)
FN:32,(anonymous_5)
FN:41,(anonymous_6)
FN:43,(anonymous_7)
FNF:8
FNH:1
FNDA:3,(anonymous_0)
FNDA:0,(anonymous_1)
FNDA:0,(anonymous_2)
FNDA:0,(anonymous_3)
FNDA:0,(anonymous_4)
FNDA:0,(anonymous_5)
FNDA:0,(anonymous_6)
FNDA:0,(anonymous_7)
DA:3,2
DA:9,3
DA:10,0
DA:20,0
DA:21,0
DA:31,0
DA:32,0
DA:42,0
DA:43,0
LF:9
LH:2
BRDA:8,0,0,0
BRF:1
BRH:0
end_of_record
TN:
SF:C:\Webserver\www\tests\dasa-test-spa\src\app\supports\services\rest-services.js
FN:11,(anonymous_0)
FN:19,(anonymous_1)
FN:27,(anonymous_2)
FN:35,(anonymous_3)
FN:43,(anonymous_4)
FN:54,(anonymous_5)
FNF:6
FNH:1
FNDA:0,(anonymous_0)
FNDA:0,(anonymous_1)
FNDA:0,(anonymous_2)
FNDA:0,(anonymous_3)
FNDA:0,(anonymous_4)
FNDA:3,(anonymous_5)
DA:12,0
DA:20,0
DA:28,0
DA:36,0
DA:44,0
DA:45,0
DA:47,0
DA:55,3
LF:8
LH:1
BRDA:44,0,0,0
BRDA:44,0,1,0
BRDA:54,1,0,3
BRF:3
BRH:1
end_of_record
TN:
SF:C:\Webserver\www\tests\dasa-test-spa\src\app\supports\utils\collection.js
FNF:0
FNH:0
DA:1,0
LF:1
LH:0
BRF:0
BRH:0
end_of_record
TN:
SF:C:\Webserver\www\tests\dasa-test-spa\src\app\supports\utils\context.js
FNF:0
FNH:0
DA:5,2
LF:1
LH:1
BRF:0
BRH:0
end_of_record
TN:
SF:C:\Webserver\www\tests\dasa-test-spa\src\components\form\AppInput.vue
FN:25,inputListeners
FN:31,input
FNF:2
FNH:1
FNDA:9,inputListeners
FNDA:0,input
DA:26,9
DA:28,9
DA:32,0
LF:3
LH:2
BRF:0
BRH:0
end_of_record
TN:
SF:C:\Webserver\www\tests\dasa-test-spa\src\components\layouts\LayoutAuth.vue
FNF:0
FNH:0
DA:2,1
LF:1
LH:1
BRF:0
BRH:0
end_of_record
TN:
SF:C:\Webserver\www\tests\dasa-test-spa\src\components\layouts\LayoutExternal.vue
FN:6,data
FNF:1
FNH:1
FNDA:1,data
DA:2,1
DA:6,1
LF:2
LH:2
BRF:0
BRH:0
end_of_record
TN:
SF:C:\Webserver\www\tests\dasa-test-spa\src\components\layouts\Menu.vue
FN:17,onLogout
FNF:1
FNH:0
FNDA:0,onLogout
DA:2,3
DA:3,3
DA:18,0
DA:19,0
LF:4
LH:2
BRF:0
BRH:0
end_of_record
TN:
SF:C:\Webserver\www\tests\dasa-test-spa\src\components\layouts\Sidebar.vue
FNF:0
FNH:0
DA:2,2
LF:1
LH:1
BRF:0
BRH:0
end_of_record
TN:
SF:C:\Webserver\www\tests\dasa-test-spa\src\components\table\AppTable.vue
FN:4,data
FN:14,_default
FN:19,_default
FN:27,pageNumber
FN:30,filtered
FN:34,(anonymous_7)
FN:35,(anonymous_8)
FN:46,paginatedData
FN:60,paginatedData
FN:65,goToPage
FNF:10
FNH:4
FNDA:2,data
FNDA:0,_default
FNDA:2,_default
FNDA:0,pageNumber
FNDA:2,filtered
FNDA:0,(anonymous_7)
FNDA:0,(anonymous_8)
FNDA:2,paginatedData
FNDA:0,paginatedData
FNDA:0,goToPage
DA:4,2
DA:14,0
DA:19,2
DA:28,0
DA:31,2
DA:32,2
DA:33,2
DA:34,0
DA:35,0
DA:36,0
DA:44,2
DA:46,6
DA:48,2
DA:49,2
DA:51,2
DA:52,2
DA:55,0
DA:61,0
DA:66,0
LF:19
LH:11
BRDA:31,0,0,2
BRDA:31,0,1,0
BRDA:33,1,0,0
BRDA:33,1,1,2
BRDA:51,2,0,2
BRDA:51,2,1,0
BRF:6
BRH:3
end_of_record
TN:
SF:C:\Webserver\www\tests\dasa-test-spa\src\router\before-each.js
FN:2,isLogged
FN:11,(anonymous_3)
FNF:2
FNH:0
FNDA:0,isLogged
FNDA:0,(anonymous_3)
DA:1,0
DA:2,0
DA:11,0
DA:13,0
DA:14,0
DA:15,0
DA:16,0
LF:7
LH:0
BRDA:13,0,0,0
BRDA:13,0,1,0
BRDA:13,1,0,0
BRDA:13,1,1,0
BRDA:15,2,0,0
BRDA:15,2,1,0
BRDA:15,3,0,0
BRDA:15,3,1,0
BRF:8
BRH:0
end_of_record
TN:
SF:C:\Webserver\www\tests\dasa-test-spa\src\router\routes.js
FNF:0
FNH:0
DA:2,0
LF:1
LH:0
BRF:0
BRH:0
end_of_record
TN:
SF:C:\Webserver\www\tests\dasa-test-spa\src\store\index.js
FNF:0
FNH:0
DA:1,0
DA:2,0
DA:5,0
LF:3
LH:0
BRF:0
BRH:0
end_of_record
